A51 MACRO ASSEMBLER  DSCR                                                                 12/17/2019 08:47:48 PAGE     1


MACRO ASSEMBLER A51 V8.2.7.0
OBJECT MODULE PLACED IN DSCR.OBJ
ASSEMBLER INVOKED BY: D:\Keil_v5\C51\BIN\A51.EXE DSCR.A51 NOMOD51 SET(SMALL) DEBUG EP

LOC  OBJ            LINE     SOURCE

                       1     ;;-----------------------------------------------------------------------------
                       2     ;;   File:      dscr.a51
                       3     ;;   Contents:  This file contains descriptor data tables.  
                       4     ;;
                       5     ;;   Copyright (c) 2003 Cypress Semiconductor, Inc. All rights reserved
                       6     ;;-----------------------------------------------------------------------------
                       7        
  0001                 8     DSCR_DEVICE   equ   1  ;; Descriptor type: Device
  0002                 9     DSCR_CONFIG   equ   2  ;; Descriptor type: Configuration
  0003                10     DSCR_STRING   equ   3  ;; Descriptor type: String
  0004                11     DSCR_INTRFC   equ   4  ;; Descriptor type: Interface
  0005                12     DSCR_ENDPNT   equ   5  ;; Descriptor type: Endpoint
  0006                13     DSCR_DEVQUAL  equ   6  ;; Descriptor type: Device Qualifier
                      14     
  0012                15     DSCR_DEVICE_LEN   equ   18
  0009                16     DSCR_CONFIG_LEN   equ    9
  0009                17     DSCR_INTRFC_LEN   equ    9
  0007                18     DSCR_ENDPNT_LEN   equ    7
  000A                19     DSCR_DEVQUAL_LEN  equ   10
                      20     
  0000                21     ET_CONTROL   equ   0   ;; Endpoint type: Control
  0001                22     ET_ISO       equ   1   ;; Endpoint type: Isochronous
  0002                23     ET_BULK      equ   2   ;; Endpoint type: Bulk
  0003                24     ET_INT       equ   3   ;; Endpoint type: Interrupt
                      25     
                      26     public      DeviceDscr, DeviceQualDscr, HighSpeedConfigDscr, FullSpeedConfigDscr, StringDsc
                             r, UserDscr
                      27     
                      28     ;; TGE  DSCR   SEGMENT   CODE
                      29     
                      30     ;;-----------------------------------------------------------------------------
                      31     ;; Global Variables
                      32     ;;-----------------------------------------------------------------------------
                      33     
                      34     ;; TGE      rseg DSCR                 ;; locate the descriptor table in on-part memory.
                      35     
----                  36                 cseg at 100H               ;; TODO: this needs to be changed before release
0100                  37     DeviceDscr:   
0100 12               38           db   DSCR_DEVICE_LEN      ;; Descriptor length
0101 01               39           db   DSCR_DEVICE          ;; Decriptor type
0102 0002             40           dw   0002H                ;; Specification Version (BCD)
0104 00               41           db   00H                  ;; Device class
0105 00               42           db   00H                  ;; Device sub-class
0106 00               43           db   00H                  ;; Device sub-sub-class
0107 40               44           db   64                   ;; Maximum packet size
0108 B404             45           dw  0B404H                ;; Vendor ID
010A 0410             46           dw   0410H                ;; Product ID (Sample Device)
010C 0000             47           dw   0000H                ;; Product version ID
010E 01               48           db   1                    ;; Manufacturer string index
010F 02               49           db   2                    ;; Product string index
0110 00               50           db   0                    ;; Serial number string index
0111 01               51           db   1                    ;; Number of configurations
                      52     
0112                  53     DeviceQualDscr:
0112 0A               54           db   DSCR_DEVQUAL_LEN     ;; Descriptor length
0113 06               55           db   DSCR_DEVQUAL         ;; Decriptor type
0114 0002             56           dw   0002H                ;; Specification Version (BCD)
0116 00               57           db   00H                  ;; Device class
A51 MACRO ASSEMBLER  DSCR                                                                 12/17/2019 08:47:48 PAGE     2

0117 00               58           db   00H                  ;; Device sub-class
0118 00               59           db   00H                  ;; Device sub-sub-class
0119 40               60           db   64                   ;; Maximum packet size
011A 01               61           db   1                    ;; Number of configurations
011B 00               62           db   0                    ;; Reserved
                      63     
011C                  64     HighSpeedConfigDscr:   
011C 09               65           db   DSCR_CONFIG_LEN      ;; Descriptor length
011D 02               66           db   DSCR_CONFIG          ;; Descriptor type
011E 2E               67           db   (HighSpeedConfigDscrEnd-HighSpeedConfigDscr) mod 256 ;; Total Length (LSB)
011F 00               68           db   (HighSpeedConfigDscrEnd-HighSpeedConfigDscr)  /  256 ;; Total Length (MSB)
0120 01               69           db   1                    ;; Number of interfaces
0121 01               70           db   1                    ;; Configuration number
0122 00               71           db   0                    ;; Configuration string
0123 A0               72           db   10100000b            ;; Attributes (b7 - buspwr, b6 - selfpwr, b5 - rwu)
0124 32               73           db   50                   ;; Power requirement (div 2 ma)
                      74     
                      75     ;; Interface Descriptor
0125 09               76           db   DSCR_INTRFC_LEN      ;; Descriptor length
0126 04               77           db   DSCR_INTRFC          ;; Descriptor type
0127 00               78           db   0                    ;; Zero-based index of this interface
0128 00               79           db   0                    ;; Alternate setting
0129 04               80           db   4                    ;; Number of end points 
012A FF               81           db   0ffH                 ;; Interface class
012B 00               82           db   00H                  ;; Interface sub class
012C 00               83           db   00H                  ;; Interface sub sub class
012D 00               84           db   0                    ;; Interface descriptor string index
                      85           
                      86     ;; Endpoint Descriptor
012E 07               87           db   DSCR_ENDPNT_LEN      ;; Descriptor length
012F 05               88           db   DSCR_ENDPNT          ;; Descriptor type
0130 02               89           db   02H                  ;; Endpoint number, and direction
0131 02               90           db   ET_BULK              ;; Endpoint type
0132 00               91           db   00H                  ;; Maximum packet size (LSB)
0133 02               92           db   02H                  ;; Maximum packet size (MSB)
0134 00               93           db   00H                  ;; Polling interval
                      94     
                      95     ;; Endpoint Descriptor
0135 07               96           db   DSCR_ENDPNT_LEN      ;; Descriptor length
0136 05               97           db   DSCR_ENDPNT         ;; Descriptor type
0137 04               98           db   04H               ;; Endpoint number, and direction
0138 02               99           db   ET_BULK            ;; Endpoint type
0139 00              100           db   00H               ;; Maximun packet size (LSB)
013A 02              101           db   02H               ;; Max packect size (MSB)
013B 00              102           db   00H               ;; Polling interval
                     103     
                     104     ;; Endpoint Descriptor
013C 07              105           db   DSCR_ENDPNT_LEN      ;; Descriptor length
013D 05              106           db   DSCR_ENDPNT          ;; Descriptor type
013E 86              107           db   86H                  ;; Endpoint number, and direction
013F 02              108           db   ET_BULK              ;; Endpoint type
0140 00              109           db   00H                  ;; Maximum packet size (LSB)
0141 02              110           db   02H                  ;; Maximum packet size (MSB)
0142 00              111           db   00H               ;; Polling interval
                     112     
                     113     ;; Endpoint Descriptor
0143 07              114           db   DSCR_ENDPNT_LEN      ;; Descriptor length
0144 05              115           db   DSCR_ENDPNT         ;; Descriptor type
0145 88              116           db   88H               ;; Endpoint number, and direction
0146 02              117           db   ET_BULK            ;; Endpoint type
0147 00              118           db   00H               ;; Maximun packet size (LSB)
0148 02              119           db   02H               ;; Max packect size (MSB)
0149 00              120           db   00H                  ;; Polling interval
                     121     
014A                 122     HighSpeedConfigDscrEnd:   
                     123     
A51 MACRO ASSEMBLER  DSCR                                                                 12/17/2019 08:47:48 PAGE     3

014A                 124     FullSpeedConfigDscr:   
014A 09              125           db   DSCR_CONFIG_LEN      ;; Descriptor length
014B 02              126           db   DSCR_CONFIG          ;; Descriptor type
014C 2E              127           db   (FullSpeedConfigDscrEnd-FullSpeedConfigDscr) mod 256 ;; Total Length (LSB)
014D 00              128           db   (FullSpeedConfigDscrEnd-FullSpeedConfigDscr)  /  256 ;; Total Length (MSB)
014E 01              129           db   1                    ;; Number of interfaces
014F 01              130           db   1                    ;; Configuration number
0150 00              131           db   0                    ;; Configuration string
0151 A0              132           db   10100000b            ;; Attributes (b7 - buspwr, b6 - selfpwr, b5 - rwu)
0152 32              133           db   50                   ;; Power requirement (div 2 ma)
                     134     
                     135     ;; Interface Descriptor
0153 09              136           db   DSCR_INTRFC_LEN      ;; Descriptor length
0154 04              137           db   DSCR_INTRFC          ;; Descriptor type
0155 00              138           db   0                    ;; Zero-based index of this interface
0156 00              139           db   0                    ;; Alternate setting
0157 04              140           db   4                    ;; Number of end points 
0158 FF              141           db   0ffH                 ;; Interface class
0159 00              142           db   00H                  ;; Interface sub class
015A 00              143           db   00H                  ;; Interface sub sub class
015B 00              144           db   0                    ;; Interface descriptor string index
                     145           
                     146     ;; Endpoint Descriptor
015C 07              147           db   DSCR_ENDPNT_LEN      ;; Descriptor length
015D 05              148           db   DSCR_ENDPNT          ;; Descriptor type
015E 02              149           db   02H               ;; Endpoint number, and direction
015F 02              150           db   ET_BULK            ;; Endpoint type
0160 40              151           db   40H               ;; Maximun packet size (LSB)
0161 00              152           db   00H               ;; Max packect size (MSB)
0162 00              153           db   00H               ;; Polling interval
                     154     
                     155     ;; Endpoint Descriptor
0163 07              156           db   DSCR_ENDPNT_LEN      ;; Descriptor length
0164 05              157           db   DSCR_ENDPNT         ;; Descriptor type
0165 04              158           db   04H                  ;; Endpoint number, and direction
0166 02              159           db   ET_BULK              ;; Endpoint type
0167 40              160           db   40H                  ;; Maximum packet size (LSB)
0168 00              161           db   00H                  ;; Maximum packet size (MSB)
0169 00              162           db   00H                  ;; Polling interval
                     163     
                     164     ;; Endpoint Descriptor
016A 07              165           db   DSCR_ENDPNT_LEN      ;; Descriptor length
016B 05              166           db   DSCR_ENDPNT          ;; Descriptor type
016C 86              167           db   86H               ;; Endpoint number, and direction
016D 02              168           db   ET_BULK            ;; Endpoint type
016E 40              169           db   40H               ;; Maximun packet size (LSB)
016F 00              170           db   00H               ;; Max packect size (MSB)
0170 00              171           db   00H               ;; Polling interval
                     172     
                     173     ;; Endpoint Descriptor
0171 07              174           db   DSCR_ENDPNT_LEN      ;; Descriptor length
0172 05              175           db   DSCR_ENDPNT         ;; Descriptor type
0173 88              176           db   88H                  ;; Endpoint number, and direction
0174 02              177           db   ET_BULK              ;; Endpoint type
0175 40              178           db   40H                  ;; Maximum packet size (LSB)
0176 00              179           db   00H                  ;; Maximum packet size (MSB)
0177 00              180           db   00H                  ;; Polling interval
                     181     
0178                 182     FullSpeedConfigDscrEnd:   
                     183     
0178                 184     StringDscr:
                     185     
0178                 186     StringDscr0:   
0178 04              187           db   StringDscr0End-StringDscr0      ;; String descriptor length
0179 03              188           db   DSCR_STRING
017A 0904            189           db   09H,04H
A51 MACRO ASSEMBLER  DSCR                                                                 12/17/2019 08:47:48 PAGE     4

017C                 190     StringDscr0End:
                     191     
017C                 192     StringDscr1:   
017C 10              193           db   StringDscr1End-StringDscr1      ;; String descriptor length
017D 03              194           db   DSCR_STRING
017E 4300            195           db   'C',00
0180 7900            196           db   'y',00
0182 7000            197           db   'p',00
0184 7200            198           db   'r',00
0186 6500            199           db   'e',00
0188 7300            200           db   's',00
018A 7300            201           db   's',00
018C                 202     StringDscr1End:
                     203     
018C                 204     StringDscr2:   
018C 0E              205           db   StringDscr2End-StringDscr2      ;; Descriptor length
018D 03              206           db   DSCR_STRING
018E 4500            207           db   'E',00
0190 5A00            208           db   'Z',00
0192 2D00            209           db   '-',00
0194 5500            210           db   'U',00
0196 5300            211           db   'S',00
0198 4200            212           db   'B',00
                     213     
019A                 214     StringDscr2End:
                     215     
019A                 216     UserDscr:      
019A 0000            217           dw   0000H
                     218           end
                                   
A51 MACRO ASSEMBLER  DSCR                                                                 12/17/2019 08:47:48 PAGE     5

SYMBOL TABLE LISTING
------ ----- -------


N A M E                 T Y P E  V A L U E   ATTRIBUTES

DEVICEDSCR . . . . . .  C ADDR   0100H   A   
DEVICEQUALDSCR . . . .  C ADDR   0112H   A   
DSCR_CONFIG. . . . . .  N NUMB   0002H   A   
DSCR_CONFIG_LEN. . . .  N NUMB   0009H   A   
DSCR_DEVICE. . . . . .  N NUMB   0001H   A   
DSCR_DEVICE_LEN. . . .  N NUMB   0012H   A   
DSCR_DEVQUAL . . . . .  N NUMB   0006H   A   
DSCR_DEVQUAL_LEN . . .  N NUMB   000AH   A   
DSCR_ENDPNT. . . . . .  N NUMB   0005H   A   
DSCR_ENDPNT_LEN. . . .  N NUMB   0007H   A   
DSCR_INTRFC. . . . . .  N NUMB   0004H   A   
DSCR_INTRFC_LEN. . . .  N NUMB   0009H   A   
DSCR_STRING. . . . . .  N NUMB   0003H   A   
ET_BULK. . . . . . . .  N NUMB   0002H   A   
ET_CONTROL . . . . . .  N NUMB   0000H   A   
ET_INT . . . . . . . .  N NUMB   0003H   A   
ET_ISO . . . . . . . .  N NUMB   0001H   A   
FULLSPEEDCONFIGDSCR. .  C ADDR   014AH   A   
FULLSPEEDCONFIGDSCREND  C ADDR   0178H   A   
HIGHSPEEDCONFIGDSCR. .  C ADDR   011CH   A   
HIGHSPEEDCONFIGDSCREND  C ADDR   014AH   A   
STRINGDSCR . . . . . .  C ADDR   0178H   A   
STRINGDSCR0. . . . . .  C ADDR   0178H   A   
STRINGDSCR0END . . . .  C ADDR   017CH   A   
STRINGDSCR1. . . . . .  C ADDR   017CH   A   
STRINGDSCR1END . . . .  C ADDR   018CH   A   
STRINGDSCR2. . . . . .  C ADDR   018CH   A   
STRINGDSCR2END . . . .  C ADDR   019AH   A   
USERDSCR . . . . . . .  C ADDR   019AH   A   


REGISTER BANK(S) USED: 0 


ASSEMBLY COMPLETE.  0 WARNING(S), 0 ERROR(S)
